<?xml version="1.0" encoding="UTF-8"?>
<!-- Generated by org.testng.reporters.JUnitXMLReporter -->
<testsuite hostname="DESKTOP-81M737A" ignored="0" name="Default test" tests="5" failures="0" timestamp="08 Sep 2017 23:51:04 GMT" time="0.058" errors="0">
  <testcase name="testIsUserAddedForBlankUserAddress" time="0.019" classname="MoneyTransferAppTest.UserProfileProcessorTest"/>
  <testcase name="testIsUserAddedForBlankUserName" time="0.001" classname="MoneyTransferAppTest.UserProfileProcessorTest"/>
  <testcase name="testIsUserAddedForNonNumericContactNumber" time="0.002" classname="MoneyTransferAppTest.UserProfileProcessorTest"/>
  <testcase name="testIsUserAddedSuccessfully" time="0.002" classname="MoneyTransferAppTest.UserProfileProcessorTest"/>
  <testcase name="testIsUserAddedSuccessfullyForAlphnumercId" time="0.002" classname="MoneyTransferAppTest.UserProfileProcessorTest"/>
</testsuite> <!-- Default test -->
