<?xml version="1.0" encoding="UTF-8"?>
<testng-results skipped="0" failed="0" ignored="0" total="5" passed="5">
  <reporter-output>
  </reporter-output>
  <suite name="Default suite" duration-ms="58" started-at="2017-09-08T23:51:04Z" finished-at="2017-09-08T23:51:04Z">
    <groups>
    </groups>
    <test name="Default test" duration-ms="58" started-at="2017-09-08T23:51:04Z" finished-at="2017-09-08T23:51:04Z">
      <class name="MoneyTransferAppTest.UserProfileProcessorTest">
        <test-method status="PASS" signature="testIsUserAddedForBlankUserAddress()[pri:0, instance:MoneyTransferAppTest.UserProfileProcessorTest@2669b199]" name="testIsUserAddedForBlankUserAddress" duration-ms="19" started-at="2017-09-09T00:51:04Z" finished-at="2017-09-09T00:51:04Z">
          <reporter-output>
          </reporter-output>
        </test-method> <!-- testIsUserAddedForBlankUserAddress -->
        <test-method status="PASS" signature="testIsUserAddedForBlankUserName()[pri:0, instance:MoneyTransferAppTest.UserProfileProcessorTest@2669b199]" name="testIsUserAddedForBlankUserName" duration-ms="1" started-at="2017-09-09T00:51:04Z" finished-at="2017-09-09T00:51:04Z">
          <reporter-output>
          </reporter-output>
        </test-method> <!-- testIsUserAddedForBlankUserName -->
        <test-method status="PASS" signature="testIsUserAddedForNonNumericContactNumber()[pri:0, instance:MoneyTransferAppTest.UserProfileProcessorTest@2669b199]" name="testIsUserAddedForNonNumericContactNumber" duration-ms="2" started-at="2017-09-09T00:51:04Z" finished-at="2017-09-09T00:51:04Z">
          <reporter-output>
          </reporter-output>
        </test-method> <!-- testIsUserAddedForNonNumericContactNumber -->
        <test-method status="PASS" signature="testIsUserAddedSuccessfully()[pri:0, instance:MoneyTransferAppTest.UserProfileProcessorTest@2669b199]" name="testIsUserAddedSuccessfully" duration-ms="2" started-at="2017-09-09T00:51:04Z" finished-at="2017-09-09T00:51:04Z">
          <reporter-output>
          </reporter-output>
        </test-method> <!-- testIsUserAddedSuccessfully -->
        <test-method status="PASS" signature="testIsUserAddedSuccessfullyForAlphnumercId()[pri:0, instance:MoneyTransferAppTest.UserProfileProcessorTest@2669b199]" name="testIsUserAddedSuccessfullyForAlphnumercId" duration-ms="2" started-at="2017-09-09T00:51:04Z" finished-at="2017-09-09T00:51:04Z">
          <reporter-output>
          </reporter-output>
        </test-method> <!-- testIsUserAddedSuccessfullyForAlphnumercId -->
      </class> <!-- MoneyTransferAppTest.UserProfileProcessorTest -->
    </test> <!-- Default test -->
  </suite> <!-- Default suite -->
</testng-results>
